Log file open, 08/06/21 14:37:43
LogWindows: Failed to load 'aqProf.dll' (GetLastError=126)
LogWindows: File 'aqProf.dll' does not exist
LogWindows: Failed to load 'VtuneApi.dll' (GetLastError=126)
LogWindows: File 'VtuneApi.dll' does not exist
LogWindows: Failed to load 'VtuneApi32e.dll' (GetLastError=126)
LogWindows: File 'VtuneApi32e.dll' does not exist
LogConsoleResponse: Display: Failed to find resolution value strings in scalability ini. Falling back to default.
LogConsoleResponse: Display: Failed to find resolution value strings in scalability ini. Falling back to default.
LogInit: Display: Running engine for game: UI
LogPlatformFile: Not using cached read wrapper
LogTaskGraph: Started task graph with 5 named threads and 23 total threads with 3 sets of task threads.
LogStats: Stats thread started at 0.259511
LogICUInternationalization: ICU TimeZone Detection - Raw Offset: +1:00, Platform Override: ''
LogInit: Display: Loading text-based GConfig....
LogPluginManager: Mounting plugin MeshPainting
LogPluginManager: Mounting plugin XGEController
LogPluginManager: Mounting plugin Paper2D
LogPluginManager: Mounting plugin LiveLink
LogPluginManager: Mounting plugin EnvironmentQueryEditor
LogPluginManager: Mounting plugin AISupport
LogPluginManager: Mounting plugin CameraShakePreviewer
LogPluginManager: Mounting plugin LightPropagationVolume
LogPluginManager: Mounting plugin GameplayCameras
LogPluginManager: Mounting plugin OodleData
LogPluginManager: Mounting plugin OodleNetwork
LogPluginManager: Mounting plugin AssetManagerEditor
LogPluginManager: Mounting plugin CryptoKeys
LogPluginManager: Mounting plugin CurveEditorTools
LogPluginManager: Mounting plugin DataValidation
LogPluginManager: Mounting plugin FacialAnimation
LogPluginManager: Mounting plugin GameplayTagsEditor
LogPluginManager: Mounting plugin GeometryMode
LogPluginManager: Mounting plugin MaterialAnalyzer
LogPluginManager: Mounting plugin MacGraphicsSwitching
LogPluginManager: Mounting plugin PluginBrowser
LogPluginManager: Mounting plugin MobileLauncherProfileWizard
LogPluginManager: Mounting plugin SpeedTreeImporter
LogPluginManager: Mounting plugin AnimationSharing
LogPluginManager: Mounting plugin CodeLiteSourceCodeAccess
LogPluginManager: Mounting plugin CLionSourceCodeAccess
LogPluginManager: Mounting plugin KDevelopSourceCodeAccess
LogPluginManager: Mounting plugin GitSourceControl
LogPluginManager: Mounting plugin NullSourceCodeAccess
LogPluginManager: Mounting plugin PerforceSourceControl
LogPluginManager: Mounting plugin PixWinPlugin
LogPluginManager: Mounting plugin PluginUtils
LogPluginManager: Mounting plugin PlasticSourceControl
LogPluginManager: Mounting plugin PropertyAccessNode
LogPluginManager: Mounting plugin SubversionSourceControl
LogPluginManager: Mounting plugin RiderSourceCodeAccess
LogPluginManager: Mounting plugin TextureFormatOodle
LogPluginManager: Mounting plugin UObjectPlugin
LogPluginManager: Mounting plugin DatasmithContent
LogPluginManager: Mounting plugin VisualStudioCodeSourceCodeAccess
LogPluginManager: Mounting plugin VisualStudioSourceCodeAccess
LogPluginManager: Mounting plugin XCodeSourceCodeAccess
LogPluginManager: Mounting plugin VariantManagerContent
LogPluginManager: Mounting plugin Niagara
LogPluginManager: Mounting plugin LuminPlatformFeatures
LogPluginManager: Mounting plugin AlembicImporter
LogPluginManager: Mounting plugin MagicLeap
LogPluginManager: Mounting plugin AutomationUtils
LogPluginManager: Mounting plugin BackChannel
LogPluginManager: Mounting plugin MagicLeapLightEstimation
LogPluginManager: Mounting plugin MagicLeapMedia
LogPluginManager: Mounting plugin ChaosCloth
LogPluginManager: Mounting plugin ChaosClothEditor
LogPluginManager: Mounting plugin ChaosSolverPlugin
LogPluginManager: Mounting plugin ChaosNiagara
LogPluginManager: Mounting plugin ChaosEditor
LogPluginManager: Mounting plugin MagicLeapPassableWorld
LogPluginManager: Mounting plugin CharacterAI
LogPluginManager: Mounting plugin MLSDK
LogPluginManager: Mounting plugin AndroidMedia
LogPluginManager: Mounting plugin AvfMedia
LogPluginManager: Mounting plugin ImgMedia
LogPluginManager: Mounting plugin GeometryCache
LogPluginManager: Mounting plugin MediaCompositing
LogPluginManager: Mounting plugin MediaPlayerEditor
LogPluginManager: Mounting plugin WebMMedia
LogPluginManager: Mounting plugin WmfMedia
LogPluginManager: Mounting plugin GeometryProcessing
LogPluginManager: Mounting plugin GeometryCollectionPlugin
LogPluginManager: Mounting plugin MotoSynth
LogPluginManager: Mounting plugin OpenImageDenoise
LogPluginManager: Mounting plugin PlanarCut
LogPluginManager: Mounting plugin PlatformCrypto
LogPluginManager: Mounting plugin ProxyLODPlugin
LogPluginManager: Mounting plugin PythonScriptPlugin
LogPluginManager: Mounting plugin SkeletalReduction
LogPluginManager: Mounting plugin TcpMessaging
LogPluginManager: Mounting plugin UdpMessaging
LogPluginManager: Mounting plugin ActorSequence
LogPluginManager: Mounting plugin LevelSequenceEditor
LogPluginManager: Mounting plugin MatineeToLevelSequence
LogPluginManager: Mounting plugin TemplateSequence
LogPluginManager: Mounting plugin OnlineSubsystem
LogPluginManager: Mounting plugin OnlineSubsystemNull
LogPluginManager: Mounting plugin LauncherChunkInstaller
LogPluginManager: Mounting plugin OnlineSubsystemUtils
LogPluginManager: Mounting plugin ActorLayerUtilities
LogPluginManager: Mounting plugin AndroidDeviceProfileSelector
LogPluginManager: Mounting plugin AndroidMoviePlayer
LogPluginManager: Mounting plugin AndroidPermission
LogPluginManager: Mounting plugin AppleImageUtils
LogPluginManager: Mounting plugin ArchVisCharacter
LogPluginManager: Mounting plugin AppleMoviePlayer
LogPluginManager: Mounting plugin AssetTags
LogPluginManager: Mounting plugin AudioCapture
LogPluginManager: Mounting plugin AudioSynesthesia
LogPluginManager: Mounting plugin CableComponent
LogPluginManager: Mounting plugin ChunkDownloader
LogPluginManager: Mounting plugin CustomMeshComponent
LogPluginManager: Mounting plugin ExampleDeviceProfileSelector
LogPluginManager: Mounting plugin EditableMesh
LogPluginManager: Mounting plugin GoogleCloudMessaging
LogPluginManager: Mounting plugin GooglePAD
LogPluginManager: Mounting plugin IOSDeviceProfileSelector
LogPluginManager: Mounting plugin LinuxDeviceProfileSelector
LogPluginManager: Mounting plugin LocationServicesBPLibrary
LogPluginManager: Mounting plugin MobilePatchingUtils
LogPluginManager: Mounting plugin OpenXR
LogPluginManager: Mounting plugin ScreenshotTools
LogPluginManager: Mounting plugin OpenXREyeTracker
LogPluginManager: Mounting plugin OpenXRHandTracking
LogPluginManager: Mounting plugin PhysXVehicles
LogPluginManager: Mounting plugin PostSplashScreen
LogPluginManager: Mounting plugin PropertyAccessEditor
LogPluginManager: Mounting plugin ProceduralMeshComponent
LogPluginManager: Mounting plugin RuntimePhysXCooking
LogPluginManager: Mounting plugin SignificanceManager
LogPluginManager: Mounting plugin SoundFields
LogPluginManager: Mounting plugin Synthesis
LogPluginManager: Mounting plugin WebMMoviePlayer
LogPluginManager: Mounting plugin WindowsMoviePlayer
LogPluginManager: Mounting plugin Takes
LogPluginManager: Mounting plugin ContentBrowserAssetDataSource
LogPluginManager: Mounting plugin ContentBrowserClassDataSource
LogPluginManager: Mounting plugin ContentBrowserFileDataSource
LogPluginManager: Mounting plugin OnlineSubsystemGooglePlay
LogPluginManager: Mounting plugin OnlineSubsystemIOS
LogPluginManager: Mounting plugin OculusVR
LogPluginManager: Mounting plugin SteamVR
PixWinPlugin: PIX capture plugin failed to initialize! Check that the process is launched from PIX.
LogLuminAPIImpl: Warning: MLSDK not found.  This likely means the MLSDK environment variable is not set.
LogInit: Using libcurl 7.55.1-DEV
LogInit:  - built for x86_64-pc-win32
LogInit:  - supports SSL with OpenSSL/1.1.1
LogInit:  - supports HTTP deflate (compression) using libz 1.2.8
LogInit:  - other features:
LogInit:      CURL_VERSION_SSL
LogInit:      CURL_VERSION_LIBZ
LogInit:      CURL_VERSION_IPV6
LogInit:      CURL_VERSION_ASYNCHDNS
LogInit:      CURL_VERSION_LARGEFILE
LogInit:      CURL_VERSION_IDN
LogInit:  CurlRequestOptions (configurable via config and command line):
LogInit:  - bVerifyPeer = true  - Libcurl will verify peer certificate
LogInit:  - bUseHttpProxy = false  - Libcurl will NOT use HTTP proxy
LogInit:  - bDontReuseConnections = false  - Libcurl will reuse connections
LogInit:  - MaxHostConnections = 16  - Libcurl will limit the number of connections to a host
LogInit:  - LocalHostAddr = Default
LogInit:  - BufferSize = 65536
LogOnline: OSS: Creating online subsystem instance for: NULL
LogInit: WinSock: version 1.1 (2.2), MaxSocks=32767, MaxUdp=65467
LogOnline: OSS: TryLoadSubsystemAndSetDefault: Loaded subsystem for module [NULL]
LogOculusPluginWrapper: OculusPlugin initialized successfully
LogHMD: Failed initializing OVRPlugin 1.59.0
LogInit: Build: ++UE4+Release-4.27-CL-16724560
LogInit: Engine Version: 4.27.0-16724560+++UE4+Release-4.27
LogInit: Compatible Engine Version: 4.27.0-16724560+++UE4+Release-4.27
LogInit: Net CL: 16724560
LogInit: OS: Windows 10 (Release 2009) (), CPU: Intel(R) Core(TM) i5-10300H CPU @ 2.50GHz, GPU: Intel(R) UHD Graphics
LogInit: Compiled (64-bit): Jun 21 2021 06:25:20
LogInit: Compiled with Visual C++: 19.24.28315.00
LogInit: Build Configuration: Development
LogInit: Branch Name: ++UE4+Release-4.27
LogInit: Command Line:  -EpicPortal -epicusername=Laura_marie -epicuserid=d94678475dc0462fa573ff9bb10c55c6 -epiclocale=en
LogInit: Base Directory: C:/Program Files/Epic Games/UE_4.27/Engine/Binaries/Win64/
LogInit: Allocator: TBB
LogInit: Installed Engine Build: 1
LogDevObjectVersion: Number of dev versions registered: 29
LogDevObjectVersion:   Dev-Blueprints (B0D832E4-1F89-4F0D-ACCF-7EB736FD4AA2): 10
LogDevObjectVersion:   Dev-Build (E1C64328-A22C-4D53-A36C-8E866417BD8C): 0
LogDevObjectVersion:   Dev-Core (375EC13C-06E4-48FB-B500-84F0262A717E): 4
LogDevObjectVersion:   Dev-Editor (E4B068ED-F494-42E9-A231-DA0B2E46BB41): 40
LogDevObjectVersion:   Dev-Framework (CFFC743F-43B0-4480-9391-14DF171D2073): 37
LogDevObjectVersion:   Dev-Mobile (B02B49B5-BB20-44E9-A304-32B752E40360): 3
LogDevObjectVersion:   Dev-Networking (A4E4105C-59A1-49B5-A7C5-40C4547EDFEE): 0
LogDevObjectVersion:   Dev-Online (39C831C9-5AE6-47DC-9A44-9C173E1C8E7C): 0
LogDevObjectVersion:   Dev-Physics (78F01B33-EBEA-4F98-B9B4-84EACCB95AA2): 14
LogDevObjectVersion:   Dev-Platform (6631380F-2D4D-43E0-8009-CF276956A95A): 0
LogDevObjectVersion:   Dev-Rendering (12F88B9F-8875-4AFC-A67C-D90C383ABD29): 45
LogDevObjectVersion:   Dev-Sequencer (7B5AE74C-D270-4C10-A958-57980B212A5A): 13
LogDevObjectVersion:   Dev-VR (D7296918-1DD6-4BDD-9DE2-64A83CC13884): 3
LogDevObjectVersion:   Dev-LoadTimes (C2A15278-BFE7-4AFE-6C17-90FF531DF755): 1
LogDevObjectVersion:   Private-Geometry (6EACA3D4-40EC-4CC1-B786-8BED09428FC5): 3
LogDevObjectVersion:   Dev-AnimPhys (29E575DD-E0A3-4627-9D10-D276232CDCEA): 17
LogDevObjectVersion:   Dev-Anim (AF43A65D-7FD3-4947-9873-3E8ED9C1BB05): 15
LogDevObjectVersion:   Dev-ReflectionCapture (6B266CEC-1EC7-4B8F-A30B-E4D90942FC07): 1
LogDevObjectVersion:   Dev-Automation (0DF73D61-A23F-47EA-B727-89E90C41499A): 1
LogDevObjectVersion:   FortniteMain (601D1886-AC64-4F84-AA16-D3DE0DEAC7D6): 47
LogDevObjectVersion:   FortniteRelease (E7086368-6B23-4C58-8439-1B7016265E91): 1
LogDevObjectVersion:   Dev-Enterprise (9DFFBCD6-494F-0158-E221-12823C92A888): 10
LogDevObjectVersion:   Dev-Niagara (F2AED0AC-9AFE-416F-8664-AA7FFA26D6FC): 1
LogDevObjectVersion:   Dev-Destruction (174F1F0B-B4C6-45A5-B13F-2EE8D0FB917D): 10
LogDevObjectVersion:   Dev-Physics-Ext (35F94A83-E258-406C-A318-09F59610247C): 41
LogDevObjectVersion:   Dev-PhysicsMaterial-Chaos (B68FC16E-8B1B-42E2-B453-215C058844FE): 1
LogDevObjectVersion:   Dev-CineCamera (B2E18506-4273-CFC2-A54E-F4BB758BBA07): 1
LogDevObjectVersion:   Dev-VirtualProduction (64F58936-FD1B-42BA-BA96-7289D5D0FA4E): 1
LogDevObjectVersion:   Dev-MediaFramework (6F0ED827-A609-4895-9C91-998D90180EA4): 2
LogInit: Presizing for max 25165824 objects, including 0 objects not considered by GC, pre-allocating 0 bytes for permanent pool.
LogConfig: Applying CVar settings from Section [/Script/Engine.StreamingSettings] File [C:/Users/Laura/Documents/UnrealTutorials/UI/Saved/Config/Windows/Engine.ini]
LogConfig: Setting CVar [[s.MinBulkDataSizeForAsyncLoading:131072]]
LogConfig: Setting CVar [[s.AsyncLoadingThreadEnabled:0]]
LogConfig: Setting CVar [[s.EventDrivenLoaderEnabled:1]]
LogConfig: Setting CVar [[s.WarnIfTimeLimitExceeded:0]]
LogConfig: Setting CVar [[s.TimeLimitExceededMultiplier:1.5]]
LogConfig: Setting CVar [[s.TimeLimitExceededMinTime:0.005]]
LogConfig: Setting CVar [[s.UseBackgroundLevelStreaming:1]]
LogConfig: Setting CVar [[s.PriorityAsyncLoadingExtraTime:15.0]]
LogConfig: Setting CVar [[s.LevelStreamingActorsUpdateTimeLimit:5.0]]
LogConfig: Setting CVar [[s.PriorityLevelStreamingActorsUpdateExtraTime:5.0]]
LogConfig: Setting CVar [[s.LevelStreamingComponentsRegistrationGranularity:10]]
LogConfig: Setting CVar [[s.UnregisterComponentsTimeLimit:1.0]]
LogConfig: Setting CVar [[s.LevelStreamingComponentsUnregistrationGranularity:5]]
LogConfig: Setting CVar [[s.FlushStreamingOnExit:1]]
LogInit: Object subsystem initialized
LogConfig: Setting CVar [[con.DebugEarlyDefault:1]]
LogConfig: Setting CVar [[r.setres:1280x720]]
[2021.08.06-12.37.43:789][  0]LogConfig: Setting CVar [[r.VSync:0]]
[2021.08.06-12.37.43:789][  0]LogConfig: Setting CVar [[r.RHICmdBypass:0]]
[2021.08.06-12.37.43:789][  0]LogConfig: Applying CVar settings from Section [/Script/Engine.RendererSettings] File [C:/Users/Laura/Documents/UnrealTutorials/UI/Saved/Config/Windows/Engine.ini]
[2021.08.06-12.37.43:789][  0]LogConfig: Setting CVar [[r.GPUCrashDebugging:0]]
[2021.08.06-12.37.43:789][  0]LogConfig: Applying CVar settings from Section [/Script/Engine.RendererOverrideSettings] File [C:/Users/Laura/Documents/UnrealTutorials/UI/Saved/Config/Windows/Engine.ini]
[2021.08.06-12.37.43:789][  0]LogConfig: Applying CVar settings from Section [/Script/Engine.StreamingSettings] File [C:/Users/Laura/Documents/UnrealTutorials/UI/Saved/Config/Windows/Engine.ini]
[2021.08.06-12.37.43:789][  0]LogConfig: Setting CVar [[s.MinBulkDataSizeForAsyncLoading:131072]]
[2021.08.06-12.37.43:789][  0]LogConfig: Setting CVar [[s.AsyncLoadingThreadEnabled:0]]
[2021.08.06-12.37.43:789][  0]LogConfig: Setting CVar [[s.EventDrivenLoaderEnabled:1]]
[2021.08.06-12.37.43:789][  0]LogConfig: Setting CVar [[s.WarnIfTimeLimitExceeded:0]]
[2021.08.06-12.37.43:789][  0]LogConfig: Setting CVar [[s.TimeLimitExceededMultiplier:1.5]]
[2021.08.06-12.37.43:789][  0]LogConfig: Setting CVar [[s.TimeLimitExceededMinTime:0.005]]
[2021.08.06-12.37.43:789][  0]LogConfig: Setting CVar [[s.UseBackgroundLevelStreaming:1]]
[2021.08.06-12.37.43:789][  0]LogConfig: Setting CVar [[s.PriorityAsyncLoadingExtraTime:15.0]]
[2021.08.06-12.37.43:789][  0]LogConfig: Setting CVar [[s.LevelStreamingActorsUpdateTimeLimit:5.0]]
[2021.08.06-12.37.43:789][  0]LogConfig: Setting CVar [[s.PriorityLevelStreamingActorsUpdateExtraTime:5.0]]
[2021.08.06-12.37.43:789][  0]LogConfig: Setting CVar [[s.LevelStreamingComponentsRegistrationGranularity:10]]
[2021.08.06-12.37.43:789][  0]LogConfig: Setting CVar [[s.UnregisterComponentsTimeLimit:1.0]]
[2021.08.06-12.37.43:789][  0]LogConfig: Setting CVar [[s.LevelStreamingComponentsUnregistrationGranularity:5]]
[2021.08.06-12.37.43:789][  0]LogConfig: Setting CVar [[s.FlushStreamingOnExit:1]]
[2021.08.06-12.37.43:789][  0]LogConfig: Applying CVar settings from Section [/Script/Engine.GarbageCollectionSettings] File [C:/Users/Laura/Documents/UnrealTutorials/UI/Saved/Config/Windows/Engine.ini]
[2021.08.06-12.37.43:789][  0]LogConfig: Setting CVar [[gc.MaxObjectsNotConsideredByGC:1]]
[2021.08.06-12.37.43:789][  0]LogConfig: Setting CVar [[gc.SizeOfPermanentObjectPool:0]]
[2021.08.06-12.37.43:789][  0]LogConfig: Setting CVar [[gc.FlushStreamingOnGC:0]]
[2021.08.06-12.37.43:789][  0]LogConfig: Setting CVar [[gc.NumRetriesBeforeForcingGC:10]]
[2021.08.06-12.37.43:789][  0]LogConfig: Setting CVar [[gc.AllowParallelGC:1]]
[2021.08.06-12.37.43:789][  0]LogConfig: Setting CVar [[gc.TimeBetweenPurgingPendingKillObjects:61.1]]
[2021.08.06-12.37.43:789][  0]LogConfig: Setting CVar [[gc.MaxObjectsInEditor:25165824]]
[2021.08.06-12.37.43:789][  0]LogConfig: Setting CVar [[gc.IncrementalBeginDestroyEnabled:1]]
[2021.08.06-12.37.43:789][  0]LogConfig: Setting CVar [[gc.CreateGCClusters:1]]
[2021.08.06-12.37.43:789][  0]LogConfig: Setting CVar [[gc.MinGCClusterSize:5]]
[2021.08.06-12.37.43:789][  0]LogConfig: Setting CVar [[gc.ActorClusteringEnabled:0]]
[2021.08.06-12.37.43:789][  0]LogConfig: Setting CVar [[gc.BlueprintClusteringEnabled:0]]
[2021.08.06-12.37.43:789][  0]LogConfig: Setting CVar [[gc.UseDisregardForGCOnDedicatedServers:0]]
[2021.08.06-12.37.43:789][  0]LogConfig: Setting CVar [[gc.MultithreadedDestructionEnabled:1]]
[2021.08.06-12.37.43:789][  0]LogConfig: Applying CVar settings from Section [/Script/Engine.NetworkSettings] File [C:/Users/Laura/Documents/UnrealTutorials/UI/Saved/Config/Windows/Engine.ini]
[2021.08.06-12.37.43:789][  0]LogConfig: Applying CVar settings from Section [/Script/UnrealEd.CookerSettings] File [C:/Users/Laura/Documents/UnrealTutorials/UI/Saved/Config/Windows/Engine.ini]
[2021.08.06-12.37.43:810][  0]LogConfig: Applying CVar settings from Section [ViewDistanceQuality@3] File [C:/Users/Laura/Documents/UnrealTutorials/UI/Saved/Config/Windows/Scalability.ini]
[2021.08.06-12.37.43:810][  0]LogConfig: Setting CVar [[r.SkeletalMeshLODBias:0]]
[2021.08.06-12.37.43:810][  0]LogConfig: Setting CVar [[r.ViewDistanceScale:1.0]]
[2021.08.06-12.37.43:810][  0]LogConfig: Applying CVar settings from Section [AntiAliasingQuality@3] File [C:/Users/Laura/Documents/UnrealTutorials/UI/Saved/Config/Windows/Scalability.ini]
[2021.08.06-12.37.43:810][  0]LogConfig: Setting CVar [[r.PostProcessAAQuality:4]]
[2021.08.06-12.37.43:810][  0]LogConfig: Applying CVar settings from Section [ShadowQuality@3] File [C:/Users/Laura/Documents/UnrealTutorials/UI/Saved/Config/Windows/Scalability.ini]
[2021.08.06-12.37.43:810][  0]LogConfig: Setting CVar [[r.LightFunctionQuality:1]]
[2021.08.06-12.37.43:810][  0]LogConfig: Setting CVar [[r.ShadowQuality:5]]
[2021.08.06-12.37.43:810][  0]LogConfig: Setting CVar [[r.Shadow.CSM.MaxCascades:10]]
[2021.08.06-12.37.43:810][  0]LogConfig: Setting CVar [[r.Shadow.MaxResolution:2048]]
[2021.08.06-12.37.43:810][  0]LogConfig: Setting CVar [[r.Shadow.MaxCSMResolution:2048]]
[2021.08.06-12.37.43:810][  0]LogConfig: Setting CVar [[r.Shadow.RadiusThreshold:0.01]]
[2021.08.06-12.37.43:810][  0]LogConfig: Setting CVar [[r.Shadow.DistanceScale:1.0]]
[2021.08.06-12.37.43:810][  0]LogConfig: Setting CVar [[r.Shadow.CSM.TransitionScale:1.0]]
[2021.08.06-12.37.43:810][  0]LogConfig: Setting CVar [[r.Shadow.PreShadowResolutionFactor:1.0]]
[2021.08.06-12.37.43:810][  0]LogConfig: Setting CVar [[r.DistanceFieldShadowing:1]]
[2021.08.06-12.37.43:810][  0]LogConfig: Setting CVar [[r.DistanceFieldAO:1]]
[2021.08.06-12.37.43:810][  0]LogConfig: Setting CVar [[r.AOQuality:2]]
[2021.08.06-12.37.43:810][  0]LogConfig: Setting CVar [[r.VolumetricFog:1]]
[2021.08.06-12.37.43:810][  0]LogConfig: Setting CVar [[r.VolumetricFog.GridPixelSize:8]]
[2021.08.06-12.37.43:810][  0]LogConfig: Setting CVar [[r.VolumetricFog.GridSizeZ:128]]
[2021.08.06-12.37.43:810][  0]LogConfig: Setting CVar [[r.VolumetricFog.HistoryMissSupersampleCount:4]]
[2021.08.06-12.37.43:810][  0]LogConfig: Setting CVar [[r.LightMaxDrawDistanceScale:1]]
[2021.08.06-12.37.43:810][  0]LogConfig: Setting CVar [[r.CapsuleShadows:1]]
[2021.08.06-12.37.43:810][  0]LogConfig: Applying CVar settings from Section [PostProcessQuality@3] File [C:/Users/Laura/Documents/UnrealTutorials/UI/Saved/Config/Windows/Scalability.ini]
[2021.08.06-12.37.43:810][  0]LogConfig: Setting CVar [[r.MotionBlurQuality:4]]
[2021.08.06-12.37.43:810][  0]LogConfig: Setting CVar [[r.AmbientOcclusionMipLevelFactor:0.4]]
[2021.08.06-12.37.43:810][  0]LogConfig: Setting CVar [[r.AmbientOcclusionMaxQuality:100]]
[2021.08.06-12.37.43:810][  0]LogConfig: Setting CVar [[r.AmbientOcclusionLevels:-1]]
[2021.08.06-12.37.43:810][  0]LogConfig: Setting CVar [[r.AmbientOcclusionRadiusScale:1.0]]
[2021.08.06-12.37.43:810][  0]LogConfig: Setting CVar [[r.DepthOfFieldQuality:2]]
[2021.08.06-12.37.43:810][  0]LogConfig: Setting CVar [[r.RenderTargetPoolMin:400]]
[2021.08.06-12.37.43:810][  0]LogConfig: Setting CVar [[r.LensFlareQuality:2]]
[2021.08.06-12.37.43:810][  0]LogConfig: Setting CVar [[r.SceneColorFringeQuality:1]]
[2021.08.06-12.37.43:810][  0]LogConfig: Setting CVar [[r.EyeAdaptationQuality:2]]
[2021.08.06-12.37.43:810][  0]LogConfig: Setting CVar [[r.BloomQuality:5]]
[2021.08.06-12.37.43:810][  0]LogConfig: Setting CVar [[r.FastBlurThreshold:100]]
[2021.08.06-12.37.43:810][  0]LogConfig: Setting CVar [[r.Upscale.Quality:3]]
[2021.08.06-12.37.43:810][  0]LogConfig: Setting CVar [[r.Tonemapper.GrainQuantization:1]]
[2021.08.06-12.37.43:810][  0]LogConfig: Setting CVar [[r.LightShaftQuality:1]]
[2021.08.06-12.37.43:810][  0]LogConfig: Setting CVar [[r.Filter.SizeScale:1]]
[2021.08.06-12.37.43:810][  0]LogConfig: Setting CVar [[r.Tonemapper.Quality:5]]
[2021.08.06-12.37.43:810][  0]LogConfig: Setting CVar [[r.DOF.Gather.AccumulatorQuality:1        ; higher gathering accumulator quality]]
[2021.08.06-12.37.43:810][  0]LogConfig: Setting CVar [[r.DOF.Gather.PostfilterMethod:1          ; Median3x3 postfilering method]]
[2021.08.06-12.37.43:810][  0]LogConfig: Setting CVar [[r.DOF.Gather.EnableBokehSettings:0       ; no bokeh simulation when gathering]]
[2021.08.06-12.37.43:810][  0]LogConfig: Setting CVar [[r.DOF.Gather.RingCount:4                 ; medium number of samples when gathering]]
[2021.08.06-12.37.43:810][  0]LogConfig: Setting CVar [[r.DOF.Scatter.ForegroundCompositing:1    ; additive foreground scattering]]
[2021.08.06-12.37.43:810][  0]LogConfig: Setting CVar [[r.DOF.Scatter.BackgroundCompositing:2    ; additive background scattering]]
[2021.08.06-12.37.43:810][  0]LogConfig: Setting CVar [[r.DOF.Scatter.EnableBokehSettings:1      ; bokeh simulation when scattering]]
[2021.08.06-12.37.43:810][  0]LogConfig: Setting CVar [[r.DOF.Scatter.MaxSpriteRatio:0.1         ; only a maximum of 10% of scattered bokeh]]
[2021.08.06-12.37.43:810][  0]LogConfig: Setting CVar [[r.DOF.Recombine.Quality:1                ; cheap slight out of focus]]
[2021.08.06-12.37.43:810][  0]LogConfig: Setting CVar [[r.DOF.Recombine.EnableBokehSettings:0    ; no bokeh simulation on slight out of focus]]
[2021.08.06-12.37.43:810][  0]LogConfig: Setting CVar [[r.DOF.TemporalAAQuality:1                ; more stable temporal accumulation]]
[2021.08.06-12.37.43:810][  0]LogConfig: Setting CVar [[r.DOF.Kernel.MaxForegroundRadius:0.025]]
[2021.08.06-12.37.43:810][  0]LogConfig: Setting CVar [[r.DOF.Kernel.MaxBackgroundRadius:0.025]]
[2021.08.06-12.37.43:810][  0]LogConfig: Applying CVar settings from Section [TextureQuality@3] File [C:/Users/Laura/Documents/UnrealTutorials/UI/Saved/Config/Windows/Scalability.ini]
[2021.08.06-12.37.43:810][  0]LogConfig: Setting CVar [[r.Streaming.MipBias:0]]
[2021.08.06-12.37.43:810][  0]LogConfig: Setting CVar [[r.Streaming.AmortizeCPUToGPUCopy:0]]
[2021.08.06-12.37.43:810][  0]LogConfig: Setting CVar [[r.Streaming.MaxNumTexturesToStreamPerFrame:0]]
[2021.08.06-12.37.43:810][  0]LogConfig: Setting CVar [[r.Streaming.Boost:1]]
[2021.08.06-12.37.43:810][  0]LogConfig: Setting CVar [[r.MaxAnisotropy:8]]
[2021.08.06-12.37.43:810][  0]LogConfig: Setting CVar [[r.VT.MaxAnisotropy:8]]
[2021.08.06-12.37.43:810][  0]LogConfig: Setting CVar [[r.Streaming.LimitPoolSizeToVRAM:0]]
[2021.08.06-12.37.43:810][  0]LogConfig: Setting CVar [[r.Streaming.PoolSize:1000]]
[2021.08.06-12.37.43:810][  0]LogConfig: Setting CVar [[r.Streaming.MaxEffectiveScreenSize:0]]
[2021.08.06-12.37.43:810][  0]LogConfig: Applying CVar settings from Section [EffectsQuality@3] File [C:/Users/Laura/Documents/UnrealTutorials/UI/Saved/Config/Windows/Scalability.ini]
[2021.08.06-12.37.43:810][  0]LogConfig: Setting CVar [[r.TranslucencyLightingVolumeDim:64]]
[2021.08.06-12.37.43:810][  0]LogConfig: Setting CVar [[r.RefractionQuality:2]]
[2021.08.06-12.37.43:811][  0]LogConfig: Setting CVar [[r.SSR.Quality:3]]
[2021.08.06-12.37.43:811][  0]LogConfig: Setting CVar [[r.SSR.HalfResSceneColor:0]]
[2021.08.06-12.37.43:811][  0]LogConfig: Setting CVar [[r.SceneColorFormat:4]]
[2021.08.06-12.37.43:811][  0]LogConfig: Setting CVar [[r.DetailMode:2]]
[2021.08.06-12.37.43:811][  0]LogConfig: Setting CVar [[r.TranslucencyVolumeBlur:1]]
[2021.08.06-12.37.43:811][  0]LogConfig: Setting CVar [[r.MaterialQualityLevel:1 ; High quality]]
[2021.08.06-12.37.43:811][  0]LogConfig: Setting CVar [[r.AnisotropicMaterials:1]]
[2021.08.06-12.37.43:811][  0]LogConfig: Setting CVar [[r.SSS.Scale:1]]
[2021.08.06-12.37.43:811][  0]LogConfig: Setting CVar [[r.SSS.SampleSet:2]]
[2021.08.06-12.37.43:811][  0]LogConfig: Setting CVar [[r.SSS.Quality:1]]
[2021.08.06-12.37.43:811][  0]LogConfig: Setting CVar [[r.SSS.HalfRes:0]]
[2021.08.06-12.37.43:811][  0]LogConfig: Setting CVar [[r.SSGI.Quality:3]]
[2021.08.06-12.37.43:811][  0]LogConfig: Setting CVar [[r.EmitterSpawnRateScale:1.0]]
[2021.08.06-12.37.43:811][  0]LogConfig: Setting CVar [[r.ParticleLightQuality:2]]
[2021.08.06-12.37.43:811][  0]LogConfig: Setting CVar [[r.SkyAtmosphere.AerialPerspectiveLUT.FastApplyOnOpaque:1 ; Always have FastSkyLUT 1 in this case to avoid wrong sky]]
[2021.08.06-12.37.43:811][  0]LogConfig: Setting CVar [[r.SkyAtmosphere.AerialPerspectiveLUT.SampleCountMaxPerSlice:4]]
[2021.08.06-12.37.43:811][  0]LogConfig: Setting CVar [[r.SkyAtmosphere.AerialPerspectiveLUT.DepthResolution:16.0]]
[2021.08.06-12.37.43:811][  0]LogConfig: Setting CVar [[r.SkyAtmosphere.FastSkyLUT:1]]
[2021.08.06-12.37.43:811][  0]LogConfig: Setting CVar [[r.SkyAtmosphere.FastSkyLUT.SampleCountMin:4.0]]
[2021.08.06-12.37.43:811][  0]LogConfig: Setting CVar [[r.SkyAtmosphere.FastSkyLUT.SampleCountMax:128.0]]
[2021.08.06-12.37.43:811][  0]LogConfig: Setting CVar [[r.SkyAtmosphere.SampleCountMin:4.0]]
[2021.08.06-12.37.43:811][  0]LogConfig: Setting CVar [[r.SkyAtmosphere.SampleCountMax:128.0]]
[2021.08.06-12.37.43:811][  0]LogConfig: Setting CVar [[r.SkyAtmosphere.TransmittanceLUT.UseSmallFormat:0]]
[2021.08.06-12.37.43:811][  0]LogConfig: Setting CVar [[r.SkyAtmosphere.TransmittanceLUT.SampleCount:10.0]]
[2021.08.06-12.37.43:811][  0]LogConfig: Setting CVar [[r.SkyAtmosphere.MultiScatteringLUT.SampleCount:15.0]]
[2021.08.06-12.37.43:811][  0]LogConfig: Setting CVar [[r.SkyLight.RealTimeReflectionCapture:1]]
[2021.08.06-12.37.43:811][  0]LogConfig: Applying CVar settings from Section [FoliageQuality@3] File [C:/Users/Laura/Documents/UnrealTutorials/UI/Saved/Config/Windows/Scalability.ini]
[2021.08.06-12.37.43:811][  0]LogConfig: Setting CVar [[foliage.DensityScale:1.0]]
[2021.08.06-12.37.43:811][  0]LogConfig: Setting CVar [[grass.DensityScale:1.0]]
[2021.08.06-12.37.43:811][  0]LogConfig: Applying CVar settings from Section [ShadingQuality@3] File [C:/Users/Laura/Documents/UnrealTutorials/UI/Saved/Config/Windows/Scalability.ini]
[2021.08.06-12.37.43:811][  0]LogConfig: Setting CVar [[r.HairStrands.SkyLighting.IntegrationType:2]]
[2021.08.06-12.37.43:811][  0]LogConfig: Setting CVar [[r.HairStrands.SkyAO.SampleCount:4]]
[2021.08.06-12.37.43:811][  0]LogConfig: Setting CVar [[r.HairStrands.Visibility.MSAA.SamplePerPixel:4]]
[2021.08.06-12.37.43:811][  0]LogInit: Selected Device Profile: [Windows]
[2021.08.06-12.37.43:811][  0]LogInit: Applying CVar settings loaded from the selected device profile: [Windows]
[2021.08.06-12.37.43:811][  0]LogHAL: Display: Platform has ~ 16 GB [17041244160 / 17179869184 / 16], which maps to Larger [LargestMinGB=32, LargerMinGB=12, DefaultMinGB=8, SmallerMinGB=6, SmallestMinGB=0)
[2021.08.06-12.37.43:811][  0]LogInit: Going up to parent DeviceProfile []
[2021.08.06-12.37.43:811][  0]LogConfig: Applying CVar settings from Section [ViewDistanceQuality@3] File [C:/Users/Laura/Documents/UnrealTutorials/UI/Saved/Config/Windows/Scalability.ini]
[2021.08.06-12.37.43:811][  0]LogConfig: Setting CVar [[r.SkeletalMeshLODBias:0]]
[2021.08.06-12.37.43:811][  0]LogConfig: Setting CVar [[r.ViewDistanceScale:1.0]]
[2021.08.06-12.37.43:811][  0]LogConfig: Applying CVar settings from Section [AntiAliasingQuality@3] File [C:/Users/Laura/Documents/UnrealTutorials/UI/Saved/Config/Windows/Scalability.ini]
[2021.08.06-12.37.43:811][  0]LogConfig: Setting CVar [[r.PostProcessAAQuality:4]]
[2021.08.06-12.37.43:811][  0]LogConfig: Applying CVar settings from Section [ShadowQuality@3] File [C:/Users/Laura/Documents/UnrealTutorials/UI/Saved/Config/Windows/Scalability.ini]
[2021.08.06-12.37.43:811][  0]LogConfig: Setting CVar [[r.LightFunctionQuality:1]]
[2021.08.06-12.37.43:811][  0]LogConfig: Setting CVar [[r.ShadowQuality:5]]
[2021.08.06-12.37.43:811][  0]LogConfig: Setting CVar [[r.Shadow.CSM.MaxCascades:10]]
[2021.08.06-12.37.43:811][  0]LogConfig: Setting CVar [[r.Shadow.MaxResolution:2048]]
[2021.08.06-12.37.43:811][  0]LogConfig: Setting CVar [[r.Shadow.MaxCSMResolution:2048]]
[2021.08.06-12.37.43:811][  0]LogConfig: Setting CVar [[r.Shadow.RadiusThreshold:0.01]]
[2021.08.06-12.37.43:811][  0]LogConfig: Setting CVar [[r.Shadow.DistanceScale:1.0]]
[2021.08.06-12.37.43:811][  0]LogConfig: Setting CVar [[r.Shadow.CSM.TransitionScale:1.0]]
[2021.08.06-12.37.43:811][  0]LogConfig: Setting CVar [[r.Shadow.PreShadowResolutionFactor:1.0]]
[2021.08.06-12.37.43:811][  0]LogConfig: Setting CVar [[r.DistanceFieldShadowing:1]]
[2021.08.06-12.37.43:811][  0]LogConfig: Setting CVar [[r.DistanceFieldAO:1]]
[2021.08.06-12.37.43:811][  0]LogConfig: Setting CVar [[r.AOQuality:2]]
[2021.08.06-12.37.43:811][  0]LogConfig: Setting CVar [[r.VolumetricFog:1]]
[2021.08.06-12.37.43:811][  0]LogConfig: Setting CVar [[r.VolumetricFog.GridPixelSize:8]]
[2021.08.06-12.37.43:811][  0]LogConfig: Setting CVar [[r.VolumetricFog.GridSizeZ:128]]
[2021.08.06-12.37.43:811][  0]LogConfig: Setting CVar [[r.VolumetricFog.HistoryMissSupersampleCount:4]]
[2021.08.06-12.37.43:811][  0]LogConfig: Setting CVar [[r.LightMaxDrawDistanceScale:1]]
[2021.08.06-12.37.43:811][  0]LogConfig: Setting CVar [[r.CapsuleShadows:1]]
[2021.08.06-12.37.43:811][  0]LogConfig: Applying CVar settings from Section [PostProcessQuality@3] File [C:/Users/Laura/Documents/UnrealTutorials/UI/Saved/Config/Windows/Scalability.ini]
[2021.08.06-12.37.43:811][  0]LogConfig: Setting CVar [[r.MotionBlurQuality:4]]
[2021.08.06-12.37.43:811][  0]LogConfig: Setting CVar [[r.AmbientOcclusionMipLevelFactor:0.4]]
[2021.08.06-12.37.43:811][  0]LogConfig: Setting CVar [[r.AmbientOcclusionMaxQuality:100]]
[2021.08.06-12.37.43:811][  0]LogConfig: Setting CVar [[r.AmbientOcclusionLevels:-1]]
[2021.08.06-12.37.43:811][  0]LogConfig: Setting CVar [[r.AmbientOcclusionRadiusScale:1.0]]
[2021.08.06-12.37.43:811][  0]LogConfig: Setting CVar [[r.DepthOfFieldQuality:2]]
[2021.08.06-12.37.43:811][  0]LogConfig: Setting CVar [[r.RenderTargetPoolMin:400]]
[2021.08.06-12.37.43:811][  0]LogConfig: Setting CVar [[r.LensFlareQuality:2]]
[2021.08.06-12.37.43:811][  0]LogConfig: Setting CVar [[r.SceneColorFringeQuality:1]]
[2021.08.06-12.37.43:811][  0]LogConfig: Setting CVar [[r.EyeAdaptationQuality:2]]
[2021.08.06-12.37.43:811][  0]LogConfig: Setting CVar [[r.BloomQuality:5]]
[2021.08.06-12.37.43:811][  0]LogConfig: Setting CVar [[r.FastBlurThreshold:100]]
[2021.08.06-12.37.43:811][  0]LogConfig: Setting CVar [[r.Upscale.Quality:3]]
[2021.08.06-12.37.43:811][  0]LogConfig: Setting CVar [[r.Tonemapper.GrainQuantization:1]]
[2021.08.06-12.37.43:811][  0]LogConfig: Setting CVar [[r.LightShaftQuality:1]]
[2021.08.06-12.37.43:811][  0]LogConfig: Setting CVar [[r.Filter.SizeScale:1]]
[2021.08.06-12.37.43:811][  0]LogConfig: Setting CVar [[r.Tonemapper.Quality:5]]
[2021.08.06-12.37.43:811][  0]LogConfig: Setting CVar [[r.DOF.Gather.AccumulatorQuality:1        ; higher gathering accumulator quality]]
[2021.08.06-12.37.43:811][  0]LogConfig: Setting CVar [[r.DOF.Gather.PostfilterMethod:1          ; Median3x3 postfilering method]]
[2021.08.06-12.37.43:811][  0]LogConfig: Setting CVar [[r.DOF.Gather.EnableBokehSettings:0       ; no bokeh simulation when gathering]]
[2021.08.06-12.37.43:811][  0]LogConfig: Setting CVar [[r.DOF.Gather.RingCount:4                 ; medium number of samples when gathering]]
[2021.08.06-12.37.43:811][  0]LogConfig: Setting CVar [[r.DOF.Scatter.ForegroundCompositing:1    ; additive foreground scattering]]
[2021.08.06-12.37.43:811][  0]LogConfig: Setting CVar [[r.DOF.Scatter.BackgroundCompositing:2    ; additive background scattering]]
[2021.08.06-12.37.43:811][  0]LogConfig: Setting CVar [[r.DOF.Scatter.EnableBokehSettings:1      ; bokeh simulation when scattering]]
[2021.08.06-12.37.43:811][  0]LogConfig: Setting CVar [[r.DOF.Scatter.MaxSpriteRatio:0.1         ; only a maximum of 10% of scattered bokeh]]
[2021.08.06-12.37.43:811][  0]LogConfig: Setting CVar [[r.DOF.Recombine.Quality:1                ; cheap slight out of focus]]
[2021.08.06-12.37.43:811][  0]LogConfig: Setting CVar [[r.DOF.Recombine.EnableBokehSettings:0    ; no bokeh simulation on slight out of focus]]
[2021.08.06-12.37.43:811][  0]LogConfig: Setting CVar [[r.DOF.TemporalAAQuality:1                ; more stable temporal accumulation]]
[2021.08.06-12.37.43:811][  0]LogConfig: Setting CVar [[r.DOF.Kernel.MaxForegroundRadius:0.025]]
[2021.08.06-12.37.43:811][  0]LogConfig: Setting CVar [[r.DOF.Kernel.MaxBackgroundRadius:0.025]]
[2021.08.06-12.37.43:811][  0]LogConfig: Applying CVar settings from Section [TextureQuality@3] File [C:/Users/Laura/Documents/UnrealTutorials/UI/Saved/Config/Windows/Scalability.ini]
[2021.08.06-12.37.43:811][  0]LogConfig: Setting CVar [[r.Streaming.MipBias:0]]
[2021.08.06-12.37.43:812][  0]LogConfig: Setting CVar [[r.Streaming.AmortizeCPUToGPUCopy:0]]
[2021.08.06-12.37.43:812][  0]LogConfig: Setting CVar [[r.Streaming.MaxNumTexturesToStreamPerFrame:0]]
[2021.08.06-12.37.43:812][  0]LogConfig: Setting CVar [[r.Streaming.Boost:1]]
[2021.08.06-12.37.43:812][  0]LogConfig: Setting CVar [[r.MaxAnisotropy:8]]
[2021.08.06-12.37.43:812][  0]LogConfig: Setting CVar [[r.VT.MaxAnisotropy:8]]
[2021.08.06-12.37.43:812][  0]LogConfig: Setting CVar [[r.Streaming.LimitPoolSizeToVRAM:0]]
[2021.08.06-12.37.43:812][  0]LogConfig: Setting CVar [[r.Streaming.PoolSize:1000]]
[2021.08.06-12.37.43:812][  0]LogConfig: Setting CVar [[r.Streaming.MaxEffectiveScreenSize:0]]
[2021.08.06-12.37.43:812][  0]LogConfig: Applying CVar settings from Section [EffectsQuality@3] File [C:/Users/Laura/Documents/UnrealTutorials/UI/Saved/Config/Windows/Scalability.ini]
[2021.08.06-12.37.43:812][  0]LogConfig: Setting CVar [[r.TranslucencyLightingVolumeDim:64]]
[2021.08.06-12.37.43:812][  0]LogConfig: Setting CVar [[r.RefractionQuality:2]]
[2021.08.06-12.37.43:812][  0]LogConfig: Setting CVar [[r.SSR.Quality:3]]
[2021.08.06-12.37.43:812][  0]LogConfig: Setting CVar [[r.SSR.HalfResSceneColor:0]]
[2021.08.06-12.37.43:812][  0]LogConfig: Setting CVar [[r.SceneColorFormat:4]]
[2021.08.06-12.37.43:812][  0]LogConfig: Setting CVar [[r.DetailMode:2]]
[2021.08.06-12.37.43:812][  0]LogConfig: Setting CVar [[r.TranslucencyVolumeBlur:1]]
[2021.08.06-12.37.43:812][  0]LogConfig: Setting CVar [[r.MaterialQualityLevel:1 ; High quality]]
[2021.08.06-12.37.43:812][  0]LogConfig: Setting CVar [[r.AnisotropicMaterials:1]]
[2021.08.06-12.37.43:812][  0]LogConfig: Setting CVar [[r.SSS.Scale:1]]
[2021.08.06-12.37.43:812][  0]LogConfig: Setting CVar [[r.SSS.SampleSet:2]]
[2021.08.06-12.37.43:812][  0]LogConfig: Setting CVar [[r.SSS.Quality:1]]
[2021.08.06-12.37.43:812][  0]LogConfig: Setting CVar [[r.SSS.HalfRes:0]]
[2021.08.06-12.37.43:812][  0]LogConfig: Setting CVar [[r.SSGI.Quality:3]]
[2021.08.06-12.37.43:812][  0]LogConfig: Setting CVar [[r.EmitterSpawnRateScale:1.0]]
[2021.08.06-12.37.43:812][  0]LogConfig: Setting CVar [[r.ParticleLightQuality:2]]
[2021.08.06-12.37.43:812][  0]LogConfig: Setting CVar [[r.SkyAtmosphere.AerialPerspectiveLUT.FastApplyOnOpaque:1 ; Always have FastSkyLUT 1 in this case to avoid wrong sky]]
[2021.08.06-12.37.43:812][  0]LogConfig: Setting CVar [[r.SkyAtmosphere.AerialPerspectiveLUT.SampleCountMaxPerSlice:4]]
[2021.08.06-12.37.43:812][  0]LogConfig: Setting CVar [[r.SkyAtmosphere.AerialPerspectiveLUT.DepthResolution:16.0]]
[2021.08.06-12.37.43:812][  0]LogConfig: Setting CVar [[r.SkyAtmosphere.FastSkyLUT:1]]
[2021.08.06-12.37.43:812][  0]LogConfig: Setting CVar [[r.SkyAtmosphere.FastSkyLUT.SampleCountMin:4.0]]
[2021.08.06-12.37.43:812][  0]LogConfig: Setting CVar [[r.SkyAtmosphere.FastSkyLUT.SampleCountMax:128.0]]
[2021.08.06-12.37.43:812][  0]LogConfig: Setting CVar [[r.SkyAtmosphere.SampleCountMin:4.0]]
[2021.08.06-12.37.43:812][  0]LogConfig: Setting CVar [[r.SkyAtmosphere.SampleCountMax:128.0]]
[2021.08.06-12.37.43:812][  0]LogConfig: Setting CVar [[r.SkyAtmosphere.TransmittanceLUT.UseSmallFormat:0]]
[2021.08.06-12.37.43:812][  0]LogConfig: Setting CVar [[r.SkyAtmosphere.TransmittanceLUT.SampleCount:10.0]]
[2021.08.06-12.37.43:812][  0]LogConfig: Setting CVar [[r.SkyAtmosphere.MultiScatteringLUT.SampleCount:15.0]]
[2021.08.06-12.37.43:812][  0]LogConfig: Setting CVar [[r.SkyLight.RealTimeReflectionCapture:1]]
[2021.08.06-12.37.43:812][  0]LogConfig: Applying CVar settings from Section [FoliageQuality@3] File [C:/Users/Laura/Documents/UnrealTutorials/UI/Saved/Config/Windows/Scalability.ini]
[2021.08.06-12.37.43:812][  0]LogConfig: Setting CVar [[foliage.DensityScale:1.0]]
[2021.08.06-12.37.43:812][  0]LogConfig: Setting CVar [[grass.DensityScale:1.0]]
[2021.08.06-12.37.43:812][  0]LogConfig: Applying CVar settings from Section [ShadingQuality@3] File [C:/Users/Laura/Documents/UnrealTutorials/UI/Saved/Config/Windows/Scalability.ini]
[2021.08.06-12.37.43:812][  0]LogConfig: Setting CVar [[r.HairStrands.SkyLighting.IntegrationType:2]]
[2021.08.06-12.37.43:812][  0]LogConfig: Setting CVar [[r.HairStrands.SkyAO.SampleCount:4]]
[2021.08.06-12.37.43:812][  0]LogConfig: Setting CVar [[r.HairStrands.Visibility.MSAA.SamplePerPixel:4]]
[2021.08.06-12.37.43:812][  0]LogConfig: Applying CVar settings from Section [Startup] File [../../../Engine/Config/ConsoleVariables.ini]
[2021.08.06-12.37.43:812][  0]LogConfig: Setting CVar [[net.UseAdaptiveNetUpdateFrequency:0]]
[2021.08.06-12.37.43:812][  0]LogConfig: Setting CVar [[p.chaos.AllowCreatePhysxBodies:1]]
[2021.08.06-12.37.43:812][  0]LogConfig: Setting CVar [[fx.SkipVectorVMBackendOptimizations:1]]
[2021.08.06-12.37.43:812][  0]LogConfig: Applying CVar settings from Section [ConsoleVariables] File [C:/Users/Laura/Documents/UnrealTutorials/UI/Saved/Config/Windows/Engine.ini]
[2021.08.06-12.37.43:812][  0]LogConfig: Applying CVar settings from Section [ConsoleVariables] File [C:/Users/Laura/Documents/UnrealTutorials/UI/Saved/Config/Windows/Editor.ini]
[2021.08.06-12.37.43:812][  0]LogInit: Computer: LAPTOP-0PURIP9S
[2021.08.06-12.37.43:812][  0]LogInit: User: Laura
[2021.08.06-12.37.43:812][  0]LogInit: CPU Page size=4096, Cores=4
[2021.08.06-12.37.43:812][  0]LogInit: High frequency timer resolution =10.000000 MHz
[2021.08.06-12.37.43:812][  0]LogMemory: Memory total: Physical=15.9GB (16GB approx)
[2021.08.06-12.37.43:812][  0]LogMemory: Platform Memory Stats for Windows
[2021.08.06-12.37.43:812][  0]LogMemory: Process Physical Memory: 143.83 MB used, 143.83 MB peak
[2021.08.06-12.37.43:812][  0]LogMemory: Process Virtual Memory: 124.51 MB used, 124.51 MB peak
[2021.08.06-12.37.43:812][  0]LogMemory: Physical Memory: 13409.69 MB used,  2842.11 MB free, 16251.80 MB total
[2021.08.06-12.37.43:812][  0]LogMemory: Virtual Memory: 134213384.00 MB used,  4340.94 MB free, 134217728.00 MB total
[2021.08.06-12.37.43:819][  0]LogWindows: WindowsPlatformFeatures enabled
[2021.08.06-12.37.43:866][  0]LogInit: Physics initialised using underlying interface: PhysX
[2021.08.06-12.37.43:866][  0]LogInit: Using OS detected language (en-GB).
[2021.08.06-12.37.43:866][  0]LogInit: Using OS detected locale (en-DE).
[2021.08.06-12.37.43:872][  0]LogTextLocalizationManager: No specific localization for 'en-GB' exists, so the 'en' localization will be used.
[2021.08.06-12.37.44:062][  0]LogInit: Setting process to per monitor DPI aware
[2021.08.06-12.37.44:075][  0]LogWindowsTextInputMethodSystem: Display: IME system deactivated.
[2021.08.06-12.37.44:093][  0]LogSlate: New Slate User Created.  User Index 0, Is Virtual User: 0
[2021.08.06-12.37.44:093][  0]LogSlate: Slate User Registered.  User Index 0, Is Virtual User: 0
[2021.08.06-12.37.44:243][  0]LogD3D11RHI: Loaded GFSDK_Aftermath_Lib.x64.dll
[2021.08.06-12.37.44:257][  0]LogHMD: Optional extension XR_VARJO_quad_views is not available
[2021.08.06-12.37.44:257][  0]LogHMD: Warning: Required extension XR_EXT_eye_gaze_interaction is not available
[2021.08.06-12.37.44:257][  0]LogHMD: Could not enable all required OpenXR extensions for OpenXRExtensionPlugin on current system. This plugin will be loaded but ignored, but will be enabled on a target platform that supports the required extension.
[2021.08.06-12.37.44:275][  0]LogHMD: Failed to create an OpenXR instance, result is XR_ERROR_RUNTIME_FAILURE. Please check if you have an OpenXR runtime installed.
[2021.08.06-12.37.44:275][  0]LogD3D11RHI: D3D11 min allowed feature level: 11_0
[2021.08.06-12.37.44:275][  0]LogD3D11RHI: D3D11 max allowed feature level: 11_0
[2021.08.06-12.37.44:275][  0]LogD3D11RHI: D3D11 adapters:
[2021.08.06-12.37.44:373][  0]LogD3D11RHI:    0. 'NVIDIA GeForce RTX 2060' (Feature Level 11_0)
[2021.08.06-12.37.44:373][  0]LogD3D11RHI:       5980/0/8125 MB DedicatedVideo/DedicatedSystem/SharedSystem, Outputs:1, VendorId:0x10de
[2021.08.06-12.37.44:406][  0]LogD3D11RHI:    1. 'Intel(R) UHD Graphics' (Feature Level 11_0)
[2021.08.06-12.37.44:406][  0]LogD3D11RHI:       128/0/8125 MB DedicatedVideo/DedicatedSystem/SharedSystem, Outputs:1, VendorId:0x8086
[2021.08.06-12.37.44:408][  0]LogD3D11RHI:    2. 'Microsoft Basic Render Driver' (Feature Level 11_0)
[2021.08.06-12.37.44:408][  0]LogD3D11RHI:       0/0/8125 MB DedicatedVideo/DedicatedSystem/SharedSystem, Outputs:0, VendorId:0x1414
[2021.08.06-12.37.44:408][  0]LogD3D11RHI: Chosen D3D11 Adapter: 0
[2021.08.06-12.37.44:417][  0]LogD3D11RHI: Creating new Direct3DDevice
[2021.08.06-12.37.44:417][  0]LogD3D11RHI:     GPU DeviceId: 0x1f15 (for the marketing name, search the web for "GPU Device Id")
[2021.08.06-12.37.44:417][  0]LogWindows: EnumDisplayDevices:
[2021.08.06-12.37.44:417][  0]LogWindows:    0. 'Intel(R) UHD Graphics' (P:0 D:1)
[2021.08.06-12.37.44:417][  0]LogWindows:    1. 'Intel(R) UHD Graphics' (P:0 D:0)
[2021.08.06-12.37.44:418][  0]LogWindows:    2. 'Intel(R) UHD Graphics' (P:0 D:0)
[2021.08.06-12.37.44:418][  0]LogWindows:    3. 'NVIDIA GeForce RTX 2060' (P:1 D:1)
[2021.08.06-12.37.44:418][  0]LogWindows:    4. 'NVIDIA GeForce RTX 2060' (P:0 D:0)
[2021.08.06-12.37.44:418][  0]LogWindows:    5. 'NVIDIA GeForce RTX 2060' (P:0 D:0)
[2021.08.06-12.37.44:418][  0]LogWindows:    6. 'NVIDIA GeForce RTX 2060' (P:0 D:0)
[2021.08.06-12.37.44:419][  0]LogWindows: DebugString: PrimaryIsNotTheChoosenAdapter PrimaryIsNotTheChoosenAdapter PrimaryIsNotTheChoosenAdapter FoundDriverCount:4 
[2021.08.06-12.37.44:419][  0]LogD3D11RHI:     Adapter Name: NVIDIA GeForce RTX 2060
[2021.08.06-12.37.44:419][  0]LogD3D11RHI:   Driver Version: 461.92 (internal:27.21.14.6192, unified:461.92)
[2021.08.06-12.37.44:419][  0]LogD3D11RHI:      Driver Date: 3-10-2021
[2021.08.06-12.37.44:419][  0]LogRHI: Texture pool is 4186 MB (70% of 5980 MB)
[2021.08.06-12.37.44:497][  0]LogD3D11RHI: RHI has support for 64 bit atomics
[2021.08.06-12.37.44:497][  0]LogD3D11RHI: Async texture creation enabled
[2021.08.06-12.37.44:497][  0]LogD3D11RHI: Array index from any shader is supported
[2021.08.06-12.37.44:517][  0]LogD3D11RHI: GPU Timing Frequency: 1000.000000 (Debug: 2 2)
[2021.08.06-12.37.44:559][  0]LogRHI: GeForceNow SDK initialized: 1
[2021.08.06-12.37.44:932][  0]LogTargetPlatformManager: Display: Loaded TargetPlatform 'AllDesktop'
[2021.08.06-12.37.44:951][  0]LogTargetPlatformManager: Display: Loaded TargetPlatform 'Android'
[2021.08.06-12.37.44:951][  0]LogTargetPlatformManager: Display: Loaded TargetPlatform 'Android_ASTC'
[2021.08.06-12.37.44:951][  0]LogTargetPlatformManager: Display: Loaded TargetPlatform 'Android_DXT'
[2021.08.06-12.37.44:951][  0]LogTargetPlatformManager: Display: Loaded TargetPlatform 'Android_ETC2'
[2021.08.06-12.37.44:951][  0]LogTargetPlatformManager: Display: Loaded TargetPlatform 'AndroidClient'
[2021.08.06-12.37.44:951][  0]LogTargetPlatformManager: Display: Loaded TargetPlatform 'Android_ASTCClient'
[2021.08.06-12.37.44:951][  0]LogTargetPlatformManager: Display: Loaded TargetPlatform 'Android_DXTClient'
[2021.08.06-12.37.44:951][  0]LogTargetPlatformManager: Display: Loaded TargetPlatform 'Android_ETC2Client'
[2021.08.06-12.37.44:951][  0]LogTargetPlatformManager: Display: Loaded TargetPlatform 'Android_Multi'
[2021.08.06-12.37.44:951][  0]LogTargetPlatformManager: Display: Loaded TargetPlatform 'Android_MultiClient'
[2021.08.06-12.37.44:969][  0]LogTargetPlatformManager: Display: Loaded TargetPlatform 'IOSClient'
[2021.08.06-12.37.44:969][  0]LogTargetPlatformManager: Display: Loaded TargetPlatform 'IOS'
[2021.08.06-12.37.44:978][  0]LogTargetPlatformManager: Display: Loaded TargetPlatform 'Linux'
[2021.08.06-12.37.44:982][  0]LogTargetPlatformManager: Display: Loaded TargetPlatform 'LinuxNoEditor'
[2021.08.06-12.37.44:986][  0]LogTargetPlatformManager: Display: Loaded TargetPlatform 'LinuxClient'
[2021.08.06-12.37.44:990][  0]LogTargetPlatformManager: Display: Loaded TargetPlatform 'LinuxServer'
[2021.08.06-12.37.45:002][  0]LogTargetPlatformManager: Display: Loaded TargetPlatform 'LinuxAArch64NoEditor'
[2021.08.06-12.37.45:006][  0]LogTargetPlatformManager: Display: Loaded TargetPlatform 'LinuxAArch64Client'
[2021.08.06-12.37.45:010][  0]LogTargetPlatformManager: Display: Loaded TargetPlatform 'LinuxAArch64Server'
[2021.08.06-12.37.45:033][  0]LogTargetPlatformManager: Display: Loaded TargetPlatform 'Lumin'
[2021.08.06-12.37.45:034][  0]LogTargetPlatformManager: Display: Loaded TargetPlatform 'LuminClient'
[2021.08.06-12.37.45:041][  0]LogTargetPlatformManager: Display: Loaded TargetPlatform 'MacNoEditor'
[2021.08.06-12.37.45:045][  0]LogTargetPlatformManager: Display: Loaded TargetPlatform 'Mac'
[2021.08.06-12.37.45:050][  0]LogTargetPlatformManager: Display: Loaded TargetPlatform 'MacClient'
[2021.08.06-12.37.45:054][  0]LogTargetPlatformManager: Display: Loaded TargetPlatform 'MacServer'
[2021.08.06-12.37.45:065][  0]LogTargetPlatformManager: Display: Loaded TargetPlatform 'TVOSClient'
[2021.08.06-12.37.45:065][  0]LogTargetPlatformManager: Display: Loaded TargetPlatform 'TVOS'
[2021.08.06-12.37.45:073][  0]LogTargetPlatformManager: Display: Loaded TargetPlatform 'WindowsNoEditor'
[2021.08.06-12.37.45:077][  0]LogTargetPlatformManager: Display: Loaded TargetPlatform 'Windows'
[2021.08.06-12.37.45:081][  0]LogTargetPlatformManager: Display: Loaded TargetPlatform 'WindowsClient'
[2021.08.06-12.37.45:086][  0]LogTargetPlatformManager: Display: Loaded TargetPlatform 'WindowsServer'
[2021.08.06-12.37.45:086][  0]LogTargetPlatformManager: Display: Building Assets For Windows
[2021.08.06-12.37.45:093][  0]LogAudioDebug: Display: Lib vorbis DLL was dynamically loaded.
[2021.08.06-12.37.45:125][  0]LogTextureFormatOodle: Display: Oodle Texture 2.9.0 init RDO Off
[2021.08.06-12.37.45:158][  0]LogRendererCore: Ray tracing is disabled. Reason: r.RayTracing=0.
[2021.08.06-12.37.45:158][  0]LogShaderCompilers: Guid format shader working directory is -13 characters bigger than the processId version (../../../../../../Users/Laura/Documents/UnrealTutorials/UI/Intermediate/Shaders/WorkingDirectory/43872/).
[2021.08.06-12.37.45:158][  0]LogShaderCompilers: Cleaned the shader compiler working directory 'C:/Users/Laura/AppData/Local/Temp/UnrealShaderWorkingDir/463B746540589A09F8BAC08F9812BE50/'.
[2021.08.06-12.37.45:158][  0]LogXGEController: Cannot use XGE Controller as Incredibuild is not installed on this machine.
[2021.08.06-12.37.45:158][  0]LogShaderCompilers: Cannot use XGE Shader Compiler as Incredibuild is not installed on this machine.
[2021.08.06-12.37.45:158][  0]LogShaderCompilers: Display: Using Local Shader Compiler.
[2021.08.06-12.37.45:881][  0]LogDerivedDataCache: Display: Max Cache Size: 512 MB
[2021.08.06-12.37.45:935][  0]LogDerivedDataCache: Loaded boot cache 0.05s 91MB C:/Users/Laura/AppData/Local/UnrealEngine/4.27/DerivedDataCache/Boot.ddc.
[2021.08.06-12.37.45:935][  0]LogDerivedDataCache: Display: Loaded Boot cache: C:/Users/Laura/AppData/Local/UnrealEngine/4.27/DerivedDataCache/Boot.ddc
[2021.08.06-12.37.45:935][  0]LogDerivedDataCache: FDerivedDataBackendGraph:  Pak pak cache file ../../../../../../Users/Laura/Documents/UnrealTutorials/UI/DerivedDataCache/DDC.ddp not found, will not use a pak cache.
[2021.08.06-12.37.45:935][  0]LogDerivedDataCache: Unable to find inner node Pak for hierarchical cache Hierarchy.
[2021.08.06-12.37.45:935][  0]LogDerivedDataCache: FDerivedDataBackendGraph:  CompressedPak pak cache file ../../../../../../Users/Laura/Documents/UnrealTutorials/UI/DerivedDataCache/Compressed.ddp not found, will not use a pak cache.
[2021.08.06-12.37.45:935][  0]LogDerivedDataCache: Unable to find inner node CompressedPak for hierarchical cache Hierarchy.
[2021.08.06-12.37.45:945][  0]LogDerivedDataCache: Display: Pak cache opened for reading ../../../Engine/DerivedDataCache/Compressed.ddp.
[2021.08.06-12.37.45:945][  0]LogDerivedDataCache: FDerivedDataBackendGraph:  EnterprisePak pak cache file ../../../Enterprise/DerivedDataCache/Compressed.ddp not found, will not use a pak cache.
[2021.08.06-12.37.45:945][  0]LogDerivedDataCache: Unable to find inner node EnterprisePak for hierarchical cache Hierarchy.
[2021.08.06-12.37.45:952][  0]LogDerivedDataCache: Speed tests for C:/Users/Laura/AppData/Local/UnrealEngine/Common/DerivedDataCache took 0.01 seconds
[2021.08.06-12.37.45:952][  0]LogDerivedDataCache: Display: Performance to C:/Users/Laura/AppData/Local/UnrealEngine/Common/DerivedDataCache: Latency=0.03ms. RandomReadSpeed=1099.83MBs, RandomWriteSpeed=172.10MBs. Assigned SpeedClass 'Local'
[2021.08.06-12.37.45:952][  0]LogDerivedDataCache: Using Local data cache path C:/Users/Laura/AppData/Local/UnrealEngine/Common/DerivedDataCache: Writable
[2021.08.06-12.37.45:952][  0]LogDerivedDataCache: Shared data cache path not found in *engine.ini, will not use an Shared cache.
[2021.08.06-12.37.45:952][  0]LogDerivedDataCache: Unable to find inner node Shared for hierarchical cache Hierarchy.
[2021.08.06-12.37.46:502][  0]LogShaderCompilers: Display: Submitted 1325 shader compile jobs with 'High' priority
[2021.08.06-12.37.46:502][  0]LogSlate: Using FreeType 2.10.0
[2021.08.06-12.37.46:503][  0]LogSlate: SlateFontServices - WITH_FREETYPE: 1, WITH_HARFBUZZ: 1
[2021.08.06-12.37.46:514][  0]LogShaderCompilers: Display: Worker (1/5): shaders left to compile 1325
[2021.08.06-12.37.46:514][  0]LogShaderCompilers: Display: Worker (2/5): shaders left to compile 1315
[2021.08.06-12.37.46:514][  0]LogShaderCompilers: Display: Worker (3/5): shaders left to compile 1305
[2021.08.06-12.37.46:514][  0]LogShaderCompilers: Display: Worker (4/5): shaders left to compile 1295
[2021.08.06-12.37.46:514][  0]LogShaderCompilers: Display: Worker (5/5): shaders left to compile 1285
[2021.08.06-12.37.46:514][  0]LogShaderCompilers: Display: Started 50 'Local' shader compile jobs with 'High' priority
[2021.08.06-12.37.46:514][  0]LogHMD: Optional extension XR_VARJO_quad_views is not available
[2021.08.06-12.37.46:514][  0]LogHMD: Warning: Required extension XR_EXT_eye_gaze_interaction is not available
[2021.08.06-12.37.46:514][  0]LogHMD: Could not enable all required OpenXR extensions for OpenXRExtensionPlugin on current system. This plugin will be loaded but ignored, but will be enabled on a target platform that supports the required extension.
[2021.08.06-12.37.46:529][  0]LogHMD: Failed to create an OpenXR instance, result is XR_ERROR_RUNTIME_FAILURE. Please check if you have an OpenXR runtime installed.
[2021.08.06-12.37.46:557][  0]LogAssetRegistry: FAssetRegistry took 0.0033 seconds to start up
[2021.08.06-12.37.46:873][  0]LogInit: Selected Device Profile: [Windows]
[2021.08.06-12.37.46:874][  0]LogInit: Active device profile: [000001DE41507600][000001DE3DB33540 49] Windows
[2021.08.06-12.37.46:874][  0]LogInit: Profiles: [000001DE41507600][000001DE3DB33540 49] Windows, [000001DE414C8C00][000001DE3DB2F680 49] WindowsNoEditor, [000001DE41504C00][000001DE3DB377C0 49] WindowsServer, [000001DE414CAC00][000001DE3DB3B900 49] WindowsClient, [000001DE41506B00][000001DE3DBF5A80 49] IOS, [000001DE414C9700][000001DE3DBF9C00 49] iPadAir, [000001DE41505500][000001DE3DBFC200 49] iPadAir2, [000001DE41447B00][000001DE3DC044C0 49] IPadPro, [000001DE41447C00][000001DE3DC00500 49] iPadAir3, [000001DE41506400][000001DE3DC08680 49] iPadAir4, [000001DE41445100][000001DE3DC0C800 49] iPadMini2, [000001DE41507300][000001DE3DC10980 49] iPadMini3, [000001DE41446600][000001DE3DC14B00 49] iPadMini4, [000001DE41506100][000001DE3DC18C80 49] iPadMini5, [000001DE414B3400][000001DE3DC20F40 49] iPhone6, [000001DE414B3500][000001DE3DC1CF80 49] iPodTouch6, [000001DE41444100][000001DE3DC29240 49] iPhone7, [000001DE41445200][000001DE3DC25280 49] iPodTouch7, [000001DE414B1000][000001DE3DC2D400 49] iPhone5S, [000001DE41444E00][000001DE3DC31580 49] iPhone6Plus, [000001DE414B2700][000001DE3DBF16C0 49] iPhone6S, [000001DE41446F00][000001DE3DC35800 49] iPhone6SPlus, [000001DE414B3F00][000001DE3DC39940 49] iPhone7Plus, [000001DE41444200][000001DE405E3A80 49] iPhoneSE, [000001DE414B0500][000001DE405EBC00 49] iPhone8, [000001DE41445A00][000001DE405EE200 49] iPhone8Plus, [000001DE414B2300][000001DE405F2380 49] iPhoneX, [000001DE41445700][000001DE405F6500 49] iPhoneXS, [000001DE414B1E00][000001DE405FA680 49] iPhoneXSMax, [000001DE41445000][000001DE405FE800 49] iPhoneXR, [000001DE414B3B00][000001DE40602980 49] iPhone11, [000001DE41444600][000001DE40606B00 49] iPhone11Pro, [000001DE414B1C00][000001DE4060AC80 49] iPhone11ProMax, [000001DE41444A00][000001DE4060EE00 49] iPhoneSE2, [000001DE414B1900][000001DE40612F80 49] iPhone12Mini, [000001DE41447500][000001DE40617100 49] iPhone12, [000001DE414B2B00][000001DE4061B280 49] iPhone12Pro, [000001DE41444F00][000001DE4061F400 49] iPhone12ProMax, [000001DE414B0A00][000001DE40623580 49] iPadPro105, [000001DE41444400][000001DE40627700 49] iPadPro129, [000001DE414B1700][000001DE4062B880 49] iPadPro97, [000001DE41447900][000001DE405E79C0 49] iPadPro2_129, [000001DE414B2900][000001DE4062FB00 49] iPad5, [000001DE41445400][000001DE406320C0 49] iPad6, [000001DE414B3700][000001DE4063A240 49] iPad7, [000001DE41445C00][000001DE4063E3C0 49] iPad8, [000001DE414B0600][000001DE40642540 49] iPadPro11, [000001DE41445900][000001DE406466C0 49] iPadPro2_11, [000001DE414B1600][000001DE4064A840 49] iPadPro3_129, [000001DE41445500][000001DE4064E9C0 49] iPadPro4_129, [000001DE414B0F00][000001DE40652B40 49] AppleTV, [000001DE41447100][000001DE40656CC0 49] AppleTV4K, [000001DE414B3A00][000001DE4065AE40 49] TVOS, [000001DE41446A00][000001DE4065EFC0 49] Mac, [000001DE414C8600][000001DE40663140 49] MacClient, [000001DE41558100][000001DE406672C0 49] MacNoEditor, [000001DE414CA300][000001DE4066B440 49] MacServer, [000001DE41558500][000001DE4066F5C0 49] Linux, [000001DE414CB300][000001DE40673740 49] LinuxAArch64, [000001DE41559400][000001DE406778C0 49] LinuxNoEditor, [000001DE414C8800][000001DE4067BA40 49] LinuxAArch64NoEditor, [000001DE41559900][000001DE40637B80 49] LinuxClient, [000001DE414C8400][000001DE4067E140 49] LinuxAArch64Client, [000001DE41559100][000001DE40682280 49] LinuxServer, [000001DE414CAB00][000001DE406863C0 49] LinuxAArch64Server, [000001DE41559B00][000001DE4068E540 49] Android, [000001DE414CA600][000001DE406926C0 49] Android_Low, [000001DE41558800][000001DE40696840 49] Android_Mid, [000001DE414CA500][000001DE4069A9C0 49] Android_High, [000001DE41559D00][000001DE416B0B40 49] Android_Default, [000001DE414CBA00][000001DE416B4CC0 49] Android_Adreno4xx, [000001DE41558B00][000001DE416B8E40 49] Android_Adreno5xx_Low, [000001DE414CAD00][000001DE416BCFC0 49] Android_Adreno5xx, [000001DE41558400][000001DE416C1140 49] Android_Adreno6xx, [000001DE414CA700][000001DE416C52C0 49] Android_Adreno6xx_Vulkan, [000001DE41558F00][000001DE416C9440 49] Android_Mali_T6xx, [000001DE414CB900][000001DE416CD5C0 49] Android_Mali_T7xx, [000001DE41559F00][000001DE416D1740 49] Android_Mali_T8xx, [000001DE41447300][000001DE416D58C0 49] Android_Mali_G71, [000001DE414B0B00][000001DE416D9A40 49] Android_Mali_G72, [000001DE41446300][000001DE416DDBC0 49] Android_Mali_G72_Vulkan, [000001DE414B2000][000001DE4068A180 49] Android_Mali_G76, [000001DE41446000][000001DE416E02C0 49] Android_Mali_G76_Vulkan, [000001DE414B3000][000001DE416E4400 49] Android_Mali_G77, [000001DE41444B00][000001DE416E8540 49] Android_Mali_G77_Vulkan, [000001DE41559300][000001DE416F06C0 49] Android_Mali_G710, [000001DE41446900][000001DE416F4840 49] Android_Mali_G710_Vulkan, [000001DE4155A500][000001DE416F89C0 49] Android_Vulkan_SM5, [000001DE41447800][000001DE416FCB40 49] Android_PowerVR_G6xxx, [000001DE41559500][000001DE41700CC0 49] Android_PowerVR_GT7xxx, [000001DE41445600][000001DE41704E40 49] Android_PowerVR_GE8xxx, [000001DE41558900][000001DE41708FC0 49] Android_PowerVR_GM9xxx, [000001DE41447000][000001DE4170D140 49] Android_PowerVR_GM9xxx_Vulkan, [000001DE4155A000][000001DE417112C0 49] Android_TegraK1, [000001DE41447D00][000001DE41715440 49] Android_Unknown_Vulkan, [000001DE4155A300][000001DE417195C0 49] Lumin, [000001DE41446100][000001DE4171D740 49] Lumin_Desktop, [000001DE41559600][000001DE417218C0 49] HoloLens, 
[2021.08.06-12.37.47:069][  0]LogMeshReduction: Using QuadricMeshReduction for automatic static mesh reduction
[2021.08.06-12.37.47:069][  0]LogMeshReduction: Using SimplygonMeshReduction for automatic skeletal mesh reduction
[2021.08.06-12.37.47:069][  0]LogMeshReduction: Using ProxyLODMeshReduction for automatic mesh merging
[2021.08.06-12.37.47:069][  0]LogMeshReduction: No distributed automatic mesh merging module available
[2021.08.06-12.37.47:069][  0]LogMeshMerging: No distributed automatic mesh merging module available
[2021.08.06-12.37.47:092][  0]LogNetVersion: UI 1.0.0, NetCL: 16724560, EngineNetVer: 17, GameNetVer: 0 (Checksum: 887019671)
[2021.08.06-12.37.47:690][  0]LogHMD: PokeAHoleMaterial loaded successfully
[2021.08.06-12.37.47:700][  0]LogUObjectArray: 17172 objects as part of root set at end of initial load.
[2021.08.06-12.37.47:700][  0]LogUObjectAllocator: 4301232 out of 0 bytes used by permanent object pool.
[2021.08.06-12.37.47:700][  0]LogUObjectArray: CloseDisregardForGC: 0/0 objects in disregard for GC pool
[2021.08.06-12.37.48:438][  0]LogShaderCompilers: Display: Worker (1/5): shaders left to compile 1275
[2021.08.06-12.37.48:438][  0]LogShaderCompilers: Display: Started 10 'Local' shader compile jobs with 'High' priority
[2021.08.06-12.37.48:438][  0]LogShaderCompilers: Display: Worker (3/5): shaders left to compile 1265
[2021.08.06-12.37.48:438][  0]LogShaderCompilers: Display: Started 10 'Local' shader compile jobs with 'High' priority
[2021.08.06-12.37.50:662][  0]LogShaderCompilers: Display: Worker (4/5): shaders left to compile 1255
[2021.08.06-12.37.50:662][  0]LogShaderCompilers: Display: Started 10 'Local' shader compile jobs with 'High' priority
